<?xml version="1.0" encoding="UTF-8"?>
<!-- Generated by org.testng.reporters.JUnitReportReporter -->
<testsuite hostname="INLPF37C5VG" failures="0" tests="1" name="Formy.Test.RadioButtonTest" time="8.160" errors="0" timestamp="2024-07-27T17:42:16 IST" skipped="0">
  <testcase classname="Formy.Test.RadioButtonTest" name="radioButton" time="8.160"/>
</testsuite> <!-- Formy.Test.RadioButtonTest -->
