<?xml version="1.0" encoding="UTF-8"?>
<!-- Generated by org.testng.reporters.JUnitReportReporter -->
<testsuite hostname="INLPF37C5VG" failures="0" tests="1" name="Formy.Test.ButtonsTest" time="6.482" errors="0" timestamp="2024-07-27T16:02:49 IST" skipped="0">
  <testcase classname="Formy.Test.ButtonsTest" name="buttons" time="6.482"/>
</testsuite> <!-- Formy.Test.ButtonsTest -->
