<?xml version="1.0" encoding="UTF-8"?>
<!-- Generated by org.testng.reporters.JUnitReportReporter -->
<testsuite hostname="INLPF37C5VG" failures="0" tests="1" name="Formy.Test.LaunchTest" time="4.953" errors="0" timestamp="2024-07-18T14:45:40 IST" skipped="0">
  <testcase classname="Formy.Test.LaunchTest" name="launchTest" time="4.953"/>
</testsuite> <!-- Formy.Test.LaunchTest -->
