<?xml version="1.0" encoding="UTF-8"?>
<!-- Generated by org.testng.reporters.JUnitReportReporter -->
<testsuite hostname="INLPF37C5VG" failures="0" tests="1" name="Formy.Test.FileUploadTest" time="6.586" errors="0" timestamp="2024-07-27T16:32:38 IST" skipped="0">
  <testcase classname="Formy.Test.FileUploadTest" name="fileUpload" time="6.586"/>
</testsuite> <!-- Formy.Test.FileUploadTest -->
