<?xml version="1.0" encoding="UTF-8"?>
<!-- Generated by org.testng.reporters.JUnitReportReporter -->
<testsuite hostname="INLPF37C5VG" failures="0" tests="1" name="Formy.Test.SwitchWindowTest" time="11.855" errors="0" timestamp="2024-07-27T18:09:22 IST" skipped="0">
  <testcase classname="Formy.Test.SwitchWindowTest" name="switchWindow" time="11.855"/>
</testsuite> <!-- Formy.Test.SwitchWindowTest -->
