<?xml version="1.0" encoding="UTF-8"?>
<!-- Generated by org.testng.reporters.JUnitReportReporter -->
<testsuite hostname="INLPF37C5VG" failures="0" tests="1" name="Formy.Test.ScrollTest" time="6.938" errors="0" timestamp="2024-07-27T17:22:10 IST" skipped="0">
  <testcase classname="Formy.Test.ScrollTest" name="scrolling" time="6.938"/>
</testsuite> <!-- Formy.Test.ScrollTest -->
