<?xml version="1.0" encoding="UTF-8"?>
<!-- Generated by org.testng.reporters.JUnitReportReporter -->
<testsuite hostname="INLPF37C5VG" failures="0" tests="1" name="Formy.Test.CheckboxesTest" time="6.535" errors="0" timestamp="2024-08-01T15:32:17 IST" skipped="0">
  <testcase classname="Formy.Test.CheckboxesTest" name="checkbox" time="6.535"/>
</testsuite> <!-- Formy.Test.CheckboxesTest -->
